Flutter crash report; please file at https://github.com/flutter/flutter/issues.

## command

flutter packages get

## exception

YamlException: Error on line 47, column 8: Mapping values are not allowed here. Did you miss a colon earlier?
   ╷
47 │    path: ../
   │        ^
   ╵

```
#0      Scanner._fetchValue (package:yaml/src/scanner.dart:713:9)
#1      Scanner._fetchNextToken (package:yaml/src/scanner.dart:457:11)
#2      Scanner._fetchMoreTokens (package:yaml/src/scanner.dart:339:7)
#3      Scanner.peek (package:yaml/src/scanner.dart:317:27)
#4      Parser._parseBlockMappingKey (package:yaml/src/parser.dart:418:26)
#5      Parser._stateMachine (package:yaml/src/parser.dart:86:16)
#6      Parser.parse (package:yaml/src/parser.dart:47:19)
#7      Loader._loadMapping (package:yaml/src/loader.dart:171:23)
#8      Loader._loadNode (package:yaml/src/loader.dart:86:16)
#9      Loader._loadMapping (package:yaml/src/loader.dart:165:19)
#10     Loader._loadNode (package:yaml/src/loader.dart:86:16)
#11     Loader._loadDocument (package:yaml/src/loader.dart:62:20)
#12     Loader.load (package:yaml/src/loader.dart:54:20)
#13     loadYamlDocument (package:yaml/yaml.dart:51:25)
#14     loadYamlNode (package:yaml/yaml.dart:42:5)
#15     loadYaml (package:yaml/yaml.dart:34:5)
#16     FlutterManifest.createFromString (package:flutter_tools/src/flutter_manifest.dart:38:28)
#17     FlutterManifest.createFromPath (package:flutter_tools/src/flutter_manifest.dart:32:12)
#18     FlutterProject._readManifest (package:flutter_tools/src/project.dart:167:54)
#19     FlutterProject.fromDirectory (package:flutter_tools/src/project.dart:45:38)
#20     FlutterProject.fromPath (package:flutter_tools/src/project.dart:60:50)
#21     PackagesGetCommand.usageValues (package:flutter_tools/src/commands/packages.dart:80:55)
<asynchronous suspension>
#22     FlutterCommand.verifyThenRunCommand (package:flutter_tools/src/runner/flutter_command.dart:484:63)
<asynchronous suspension>
#23     FlutterCommand.run.<anonymous closure> (package:flutter_tools/src/runner/flutter_command.dart:424:33)
<asynchronous suspension>
#24     AppContext.run.<anonymous closure> (package:flutter_tools/src/base/context.dart:153:29)
<asynchronous suspension>
#25     _rootRun (dart:async/zone.dart:1124:13)
#26     _CustomZone.run (dart:async/zone.dart:1021:19)
#27     _runZoned (dart:async/zone.dart:1516:10)
#28     runZoned (dart:async/zone.dart:1463:12)
#29     AppContext.run (package:flutter_tools/src/base/context.dart:152:18)
<asynchronous suspension>
#30     FlutterCommand.run (package:flutter_tools/src/runner/flutter_command.dart:415:20)
#31     CommandRunner.runCommand (package:args/command_runner.dart:197:27)
<asynchronous suspension>
#32     FlutterCommandRunner.runCommand.<anonymous closure> (package:flutter_tools/src/runner/flutter_command_runner.dart:396:21)
<asynchronous suspension>
#33     AppContext.run.<anonymous closure> (package:flutter_tools/src/base/context.dart:153:29)
<asynchronous suspension>
#34     _rootRun (dart:async/zone.dart:1124:13)
#35     _CustomZone.run (dart:async/zone.dart:1021:19)
#36     _runZoned (dart:async/zone.dart:1516:10)
#37     runZoned (dart:async/zone.dart:1463:12)
#38     AppContext.run (package:flutter_tools/src/base/context.dart:152:18)
<asynchronous suspension>
#39     FlutterCommandRunner.runCommand (package:flutter_tools/src/runner/flutter_command_runner.dart:356:19)
<asynchronous suspension>
#40     CommandRunner.run.<anonymous closure> (package:args/command_runner.dart:112:25)
#41     new Future.sync (dart:async/future.dart:224:31)
#42     CommandRunner.run (package:args/command_runner.dart:112:14)
#43     FlutterCommandRunner.run (package:flutter_tools/src/runner/flutter_command_runner.dart:242:18)
#44     run.<anonymous closure> (package:flutter_tools/runner.dart:60:20)
<asynchronous suspension>
#45     AppContext.run.<anonymous closure> (package:flutter_tools/src/base/context.dart:153:29)
<asynchronous suspension>
#46     _rootRun (dart:async/zone.dart:1124:13)
#47     _CustomZone.run (dart:async/zone.dart:1021:19)
#48     _runZoned (dart:async/zone.dart:1516:10)
#49     runZoned (dart:async/zone.dart:1463:12)
#50     AppContext.run (package:flutter_tools/src/base/context.dart:152:18)
<asynchronous suspension>
#51     runInContext (package:flutter_tools/src/context_runner.dart:56:24)
<asynchronous suspension>
#52     run (package:flutter_tools/runner.dart:51:10)
#53     main (package:flutter_tools/executable.dart:62:9)
<asynchronous suspension>
#54     main (file:///home/user/Downloads/flutter/packages/flutter_tools/bin/flutter_tools.dart:8:3)
#55     _startIsolate.<anonymous closure> (dart:isolate-patch/isolate_patch.dart:299:32)
#56     _RawReceivePortImpl._handleMessage (dart:isolate-patch/isolate_patch.dart:172:12)
```

## flutter doctor

```
[✓] Flutter (Channel master, v1.7.3-pre.45, on Linux, locale en_IN)
    • Flutter version 1.7.3-pre.45 at /home/user/Downloads/flutter
    • Framework revision d2e6ab69a2 (7 weeks ago), 2019-06-07 07:48:27 +0100
    • Engine revision 0602dbb275
    • Dart version 2.3.2 (build 2.3.2-dev.0.1 6e0d978505)

[✓] Android toolchain - develop for Android devices (Android SDK version 28.0.3)
    • Android SDK at /home/user/Android/Sdk
    • Android NDK location not configured (optional; useful for native profiling support)
    • Platform android-28, build-tools 28.0.3
    • Java binary at: /DATA/android-studio/jre/bin/java
    • Java version OpenJDK Runtime Environment (build 1.8.0_152-release-1248-b01)
    • All Android licenses accepted.

[✓] Android Studio (version 3.3)
    • Android Studio at /DATA/android-studio
    • Flutter plugin version 33.4.1
    • Dart plugin version 182.5215
    • Java version OpenJDK Runtime Environment (build 1.8.0_152-release-1248-b01)

[✓] VS Code (version 1.33.1)
    • VS Code at /usr/share/code
    • Flutter extension version 3.2.0

[✓] Connected device (1 available)
    • Android SDK built for x86 • emulator-5554 • android-x86 • Android 9 (API 28) (emulator)

• No issues found!
```
